<?xml version="1.0" encoding="UTF-8"?>
<!-- Generated by org.testng.reporters.JUnitReportReporter -->
<testsuite skipped="0" hostname="ip-172-31-80-188" name="test.CheckOutTest" tests="1" failures="0" timestamp="20 Dec 2021 06:25:19 GMT" time="0.294" errors="0">
  <testcase name="checkout" time="0.294" classname="test.CheckOutTest"/>
</testsuite> <!-- test.CheckOutTest -->
