<?xml version="1.0" encoding="UTF-8"?>
<!-- Generated by org.testng.reporters.JUnitReportReporter -->
<testsuite skipped="0" hostname="ip-172-31-80-188" name="test.LoginTest" tests="1" failures="0" timestamp="20 Dec 2021 06:25:19 GMT" time="0.295" errors="0">
  <testcase name="login" time="0.295" classname="test.LoginTest"/>
</testsuite> <!-- test.LoginTest -->
